\BOOKMARK [0][-]{chapter*.2}{\376\377\000D\000\351\000d\000i\000c\000a\000c\000e}{}% 1
\BOOKMARK [0][-]{chapter*.4}{\376\377\000R\000e\000m\000e\000r\000c\000i\000e\000m\000e\000n\000t\000s}{}% 2
\BOOKMARK [0][-]{chapter*.6}{\376\377\000R\000\351\000s\000u\000m\000\351}{}% 3
\BOOKMARK [0][-]{chapter*.8}{\376\377\000A\000b\000s\000t\000r\000a\000c\000t}{}% 4
\BOOKMARK [0][-]{chapter.1}{\376\377\000I\000n\000t\000r\000o\000d\000u\000c\000t\000i\000o\000n}{}% 5
\BOOKMARK [1][-]{section.1.1}{\376\377\000C\000o\000n\000t\000e\000x\000t\000e\000\040\000e\000t\000\040\000m\000o\000t\000i\000v\000a\000t\000i\000o\000n}{chapter.1}% 6
\BOOKMARK [1][-]{section.1.2}{\376\377\000I\000n\000t\000\351\000r\000\352\000t\000\040\000s\000o\000c\000i\000o\000-\000\351\000c\000o\000n\000o\000m\000i\000q\000u\000e\000\040\000e\000t\000\040\000p\000r\000a\000t\000i\000q\000u\000e}{chapter.1}% 7
\BOOKMARK [1][-]{section.1.3}{\376\377\000P\000r\000o\000b\000l\000\351\000m\000a\000t\000i\000q\000u\000e}{chapter.1}% 8
\BOOKMARK [1][-]{section.1.4}{\376\377\000O\000b\000j\000e\000c\000t\000i\000f\000s\000\040\000d\000e\000\040\000r\000e\000c\000h\000e\000r\000c\000h\000e}{chapter.1}% 9
\BOOKMARK [1][-]{section.1.5}{\376\377\000D\000\351\000m\000a\000r\000c\000h\000e\000\040\000m\000\351\000t\000h\000o\000d\000o\000l\000o\000g\000i\000q\000u\000e}{chapter.1}% 10
\BOOKMARK [1][-]{section.1.6}{\376\377\000S\000t\000r\000u\000c\000t\000u\000r\000e\000\040\000d\000u\000\040\000d\000o\000c\000u\000m\000e\000n\000t}{chapter.1}% 11
\BOOKMARK [0][-]{chapter.2}{\376\377\000\311\000t\000a\000t\000\040\000d\000e\000\040\000l\040\031\000a\000r\000t}{}% 12
\BOOKMARK [1][-]{section.2.1}{\376\377\000L\000e\000s\000\040\000a\000r\000c\000h\000i\000t\000e\000c\000t\000u\000r\000e\000s\000\040\000m\000i\000c\000r\000o\000s\000e\000r\000v\000i\000c\000e\000s}{chapter.2}% 13
\BOOKMARK [2][-]{subsection.2.1.1}{\376\377\000O\000r\000i\000g\000i\000n\000e}{section.2.1}% 14
\BOOKMARK [2][-]{subsection.2.1.2}{\376\377\000D\000\351\000f\000i\000n\000i\000t\000i\000o\000n\000\040\000e\000t\000\040\000c\000a\000r\000a\000c\000t\000\351\000r\000i\000s\000t\000i\000q\000u\000e\000s}{section.2.1}% 15
\BOOKMARK [2][-]{subsection.2.1.3}{\376\377\000R\000e\000p\000r\000\351\000s\000e\000n\000t\000a\000t\000i\000o\000n\000\040\000A\000r\000c\000h\000i\000t\000e\000c\000t\000u\000r\000a\000l\000e}{section.2.1}% 16
\BOOKMARK [2][-]{subsection.2.1.4}{\376\377\000C\000h\000a\000l\000l\000e\000n\000g\000e\000s\000\040\000e\000t\000\040\000d\000\351\000f\000i\000s\000\040\000d\000e\000s\000\040\000m\000i\000c\000r\000o\000s\000e\000r\000v\000i\000c\000e\000s}{section.2.1}% 17
\BOOKMARK [1][-]{section.2.2}{\376\377\000S\000u\000r\000v\000e\000i\000l\000l\000a\000n\000c\000e\000\040\000e\000t\000\040\000m\000o\000n\000i\000t\000o\000r\000i\000n\000g\000\040\000d\000a\000n\000s\000\040\000l\000e\000s\000\040\000s\000y\000s\000t\000\350\000m\000e\000s\000\040\000d\000i\000s\000t\000r\000i\000b\000u\000\351\000s}{chapter.2}% 18
\BOOKMARK [1][-]{section.2.3}{\376\377\000D\000\351\000t\000e\000c\000t\000i\000o\000n\000\040\000d\040\031\000a\000n\000o\000m\000a\000l\000i\000e\000s\000\040\000:\000\040\000g\000\351\000n\000\351\000r\000a\000l\000i\000t\000\351\000s}{chapter.2}% 19
\BOOKMARK [2][-]{subsection.2.3.1}{\376\377\000D\000\351\000f\000i\000n\000i\000t\000i\000o\000n\000s\000\040\000e\000t\000\040\000e\000n\000j\000e\000u\000x\000\040\000d\000e\000\040\000l\000a\000\040\000d\000\351\000t\000e\000c\000t\000i\000o\000n\000\040\000d\040\031\000a\000n\000o\000m\000a\000l\000i\000e\000s}{section.2.3}% 20
\BOOKMARK [2][-]{subsection.2.3.2}{\376\377\000A\000p\000p\000r\000o\000c\000h\000e\000s\000\040\000d\000e\000\040\000d\000\351\000t\000e\000c\000t\000i\000o\000n\000\040\000d\040\031\000a\000n\000o\000m\000a\000l\000i\000e\000s}{section.2.3}% 21
\BOOKMARK [2][-]{subsection.2.3.3}{\376\377\000\311\000v\000a\000l\000u\000a\000t\000i\000o\000n\000\040\000d\000e\000s\000\040\000p\000e\000r\000f\000o\000r\000m\000a\000n\000c\000e\000s\000\040\000:\000\040\000m\000\351\000t\000r\000i\000q\000u\000e\000s\000\040\000e\000s\000s\000e\000n\000t\000i\000e\000l\000l\000e\000s}{section.2.3}% 22
\BOOKMARK [1][-]{section.2.4}{\376\377\000D\000\351\000t\000e\000c\000t\000i\000o\000n\000\040\000d\040\031\000a\000n\000o\000m\000a\000l\000i\000e\000s\000\040\000d\000a\000n\000s\000\040\000l\000e\000s\000\040\000s\000y\000s\000t\000\350\000m\000e\000s\000\040\000\340\000\040\000m\000i\000c\000r\000o\000s\000e\000r\000v\000i\000c\000e\000s}{chapter.2}% 23
\BOOKMARK [2][-]{subsection.2.4.1}{\376\377\000S\000p\000\351\000c\000i\000f\000i\000c\000i\000t\000\351\000s\000\040\000d\000e\000s\000\040\000a\000r\000c\000h\000i\000t\000e\000c\000t\000u\000r\000e\000s\000\040\000m\000i\000c\000r\000o\000s\000e\000r\000v\000i\000c\000e\000s}{section.2.4}% 24
\BOOKMARK [2][-]{subsection.2.4.2}{\376\377\000T\000y\000p\000e\000s\000\040\000d\040\031\000a\000n\000o\000m\000a\000l\000i\000e\000s\000\040\000o\000b\000s\000e\000r\000v\000\351\000e\000s\000\040\000d\000a\000n\000s\000\040\000l\000e\000s\000\040\000m\000i\000c\000r\000o\000s\000e\000r\000v\000i\000c\000e\000s}{section.2.4}% 25
\BOOKMARK [2][-]{subsection.2.4.3}{\376\377\000M\000\351\000t\000h\000o\000d\000e\000s\000\040\000a\000p\000p\000l\000i\000q\000u\000\351\000e\000s\000\040\000d\000a\000n\000s\000\040\000l\000e\000\040\000c\000o\000n\000t\000e\000x\000t\000e\000\040\000m\000i\000c\000r\000o\000s\000e\000r\000v\000i\000c\000e\000s}{section.2.4}% 26
\BOOKMARK [1][-]{section.2.5}{\376\377\000T\000r\000a\000v\000a\000u\000x\000\040\000c\000o\000n\000n\000e\000x\000e\000s}{chapter.2}% 27
\BOOKMARK [0][-]{chapter.3}{\376\377\000M\000\351\000t\000h\000o\000d\000o\000l\000o\000g\000i\000e}{}% 28
\BOOKMARK [1][-]{section.3.1}{\376\377\000P\000r\000\351\000s\000e\000n\000t\000a\000t\000i\000o\000n\000\040\000d\000u\000\040\000j\000e\000u\000\040\000d\000e\000\040\000d\000o\000n\000n\000\351\000e\000s}{chapter.3}% 29
\BOOKMARK [1][-]{section.3.2}{\376\377\000P\000r\000\351\000t\000r\000a\000i\000t\000e\000m\000e\000n\000t\000\040\000d\000e\000s\000\040\000d\000o\000n\000n\000\351\000e\000s}{chapter.3}% 30
\BOOKMARK [1][-]{section.3.3}{\376\377\000E\000n\000v\000i\000r\000o\000n\000n\000e\000m\000e\000n\000t\000\040\000d\040\031\000e\000x\000p\000\351\000r\000i\000m\000e\000n\000t\000a\000t\000i\000o\000n}{chapter.3}% 31
\BOOKMARK [1][-]{section.3.4}{\376\377\000D\000e\000s\000c\000r\000i\000p\000t\000i\000o\000n\000\040\000d\000e\000s\000\040\000m\000o\000d\000\350\000l\000e\000s\000\040\000e\000t\000\040\000c\000o\000n\000f\000i\000g\000u\000r\000a\000t\000i\000o\000n\000s}{chapter.3}% 32
\BOOKMARK [2][-]{subsection.3.4.1}{\376\377\000P\000e\000r\000c\000e\000p\000t\000r\000o\000n\000\040\000M\000u\000l\000t\000i\000c\000o\000u\000c\000h\000e\000\040\000\050\000M\000L\000P\000\051}{section.3.4}% 33
\BOOKMARK [2][-]{subsection.3.4.2}{\376\377\000A\000u\000t\000o\000e\000n\000c\000o\000d\000e\000u\000r\000\040\000L\000S\000T\000M}{section.3.4}% 34
\BOOKMARK [2][-]{subsection.3.4.3}{\376\377\000M\000o\000d\000\350\000l\000e\000\040\000H\000y\000b\000r\000i\000d\000e\000\040\000M\000L\000P\000\040\000+\000\040\000L\000S\000T\000M}{section.3.4}% 35
\BOOKMARK [1][-]{section.3.5}{\376\377\000M\000\351\000t\000h\000o\000d\000e\000s\000\040\000d\040\031\000\351\000v\000a\000l\000u\000a\000t\000i\000o\000n}{chapter.3}% 36
\BOOKMARK [0][-]{chapter.4}{\376\377\000R\000\351\000s\000u\000l\000t\000a\000t\000s\000\040\000e\000t\000\040\000d\000i\000s\000c\000u\000s\000s\000i\000o\000n\000s}{}% 37
\BOOKMARK [1][-]{section.4.1}{\376\377\000R\000\351\000s\000u\000l\000t\000a\000t\000s\000\040\000e\000x\000p\000\351\000r\000i\000m\000e\000n\000t\000a\000u\000x}{chapter.4}% 38
\BOOKMARK [2][-]{subsection.4.1.1}{\376\377\000P\000e\000r\000c\000e\000p\000t\000r\000o\000n\000\040\000M\000u\000l\000t\000i\000c\000o\000u\000c\000h\000e\000\040\000\050\000M\000L\000P\000\051}{section.4.1}% 39
\BOOKMARK [2][-]{subsection.4.1.2}{\376\377\000A\000u\000t\000o\000e\000n\000c\000o\000d\000e\000u\000r\000\040\000L\000S\000T\000M}{section.4.1}% 40
\BOOKMARK [2][-]{subsection.4.1.3}{\376\377\000M\000o\000d\000\350\000l\000e\000\040\000h\000y\000b\000r\000i\000d\000e\000\040\000L\000S\000T\000M\000\040\000+\000\040\000M\000L\000P}{section.4.1}% 41
\BOOKMARK [2][-]{subsection.4.1.4}{\376\377\000R\000\351\000s\000u\000m\000\351\000\040\000c\000o\000m\000p\000a\000r\000a\000t\000i\000f\000\040\000e\000t\000\040\000t\000e\000n\000d\000a\000n\000c\000e\000s}{section.4.1}% 42
\BOOKMARK [1][-]{section.4.2}{\376\377\000D\000i\000s\000c\000u\000s\000s\000i\000o\000n}{chapter.4}% 43
\BOOKMARK [0][-]{chapter.5}{\376\377\000C\000o\000n\000c\000l\000u\000s\000i\000o\000n}{}% 44
